<?xml version="1.0" encoding="UTF-8"?>
<testng-results skipped="0" failed="0" ignored="0" total="4" passed="4">
  <reporter-output>
  </reporter-output>
  <suite name="Default suite" duration-ms="6240" started-at="2020-07-23T18:51:13 IST" finished-at="2020-07-23T18:51:19 IST">
    <groups>
    </groups>
    <test name="Default test" duration-ms="6240" started-at="2020-07-23T18:51:13 IST" finished-at="2020-07-23T18:51:19 IST">
      <class name="Request">
        <test-method status="PASS" signature="post()[pri:1, instance:Request@887af79]" name="post" duration-ms="3519" started-at="2020-07-23T18:51:13 IST" finished-at="2020-07-23T18:51:16 IST">
          <reporter-output>
          </reporter-output>
        </test-method> <!-- post -->
        <test-method status="PASS" signature="get()[pri:2, instance:Request@887af79]" name="get" duration-ms="618" started-at="2020-07-23T18:51:16 IST" finished-at="2020-07-23T18:51:17 IST">
          <reporter-output>
          </reporter-output>
        </test-method> <!-- get -->
        <test-method status="PASS" signature="put()[pri:3, instance:Request@887af79]" name="put" duration-ms="1138" started-at="2020-07-23T18:51:17 IST" finished-at="2020-07-23T18:51:18 IST">
          <reporter-output>
          </reporter-output>
        </test-method> <!-- put -->
        <test-method status="PASS" signature="delete()[pri:4, instance:Request@887af79]" name="delete" duration-ms="914" started-at="2020-07-23T18:51:18 IST" finished-at="2020-07-23T18:51:19 IST">
          <reporter-output>
          </reporter-output>
        </test-method> <!-- delete -->
      </class> <!-- Request -->
    </test> <!-- Default test -->
  </suite> <!-- Default suite -->
</testng-results>
