<?xml version="1.0" encoding="UTF-8"?>
<testng-results skipped="0" failed="0" ignored="0" total="4" passed="4">
  <reporter-output>
  </reporter-output>
  <suite name="Default suite" duration-ms="6408" started-at="2020-07-23T19:27:30 IST" finished-at="2020-07-23T19:27:36 IST">
    <groups>
    </groups>
    <test name="Default test" duration-ms="6408" started-at="2020-07-23T19:27:30 IST" finished-at="2020-07-23T19:27:36 IST">
      <class name="secondAssignment.Request">
        <test-method status="PASS" signature="post()[pri:1, instance:secondAssignment.Request@887af79]" name="post" duration-ms="3896" started-at="2020-07-23T19:27:30 IST" finished-at="2020-07-23T19:27:34 IST">
          <reporter-output>
          </reporter-output>
        </test-method> <!-- post -->
        <test-method status="PASS" signature="get()[pri:2, instance:secondAssignment.Request@887af79]" name="get" duration-ms="576" started-at="2020-07-23T19:27:34 IST" finished-at="2020-07-23T19:27:34 IST">
          <reporter-output>
          </reporter-output>
        </test-method> <!-- get -->
        <test-method status="PASS" signature="put()[pri:3, instance:secondAssignment.Request@887af79]" name="put" duration-ms="912" started-at="2020-07-23T19:27:34 IST" finished-at="2020-07-23T19:27:35 IST">
          <reporter-output>
          </reporter-output>
        </test-method> <!-- put -->
        <test-method status="PASS" signature="delete()[pri:4, instance:secondAssignment.Request@887af79]" name="delete" duration-ms="950" started-at="2020-07-23T19:27:35 IST" finished-at="2020-07-23T19:27:36 IST">
          <reporter-output>
          </reporter-output>
        </test-method> <!-- delete -->
      </class> <!-- secondAssignment.Request -->
    </test> <!-- Default test -->
  </suite> <!-- Default suite -->
</testng-results>
