<?xml version="1.0" encoding="UTF-8"?>
<!-- Generated by org.testng.reporters.JUnitXMLReporter -->
<testsuite hostname="mindfire-PCn" ignored="0" name="Default test" tests="4" failures="0" timestamp="2020-07-23T19:27:36 IST" time="6.408" errors="0">
  <testcase name="post" time="3.896" classname="secondAssignment.Request"/>
  <testcase name="get" time="0.576" classname="secondAssignment.Request"/>
  <testcase name="put" time="0.912" classname="secondAssignment.Request"/>
  <testcase name="delete" time="0.95" classname="secondAssignment.Request"/>
</testsuite> <!-- Default test -->
